<?xml version="1.0" encoding="UTF-8"?>
<!-- Generated by org.testng.reporters.JUnitReportReporter -->
<testsuite hostname="DESKTOP-RJ88POF" failures="0" tests="1" name="com.student.tests.CrudTest" time="1.199" errors="0" timestamp="2021-01-26T01:34:30 IST" skipped="0">
  <testcase classname="com.student.tests.CrudTest" name="getAllStudent" time="1.199"/>
  <system-out/>
</testsuite> <!-- com.student.tests.CrudTest -->
