<?xml version="1.0" encoding="UTF-8"?>
<!-- Generated by org.testng.reporters.JUnitReportReporter -->
<testsuite hostname="DESKTOP-RJ88POF" failures="0" tests="2" name="com.student.tests.CrudTest" time="1.910" errors="0" timestamp="2021-02-11T00:02:11 IST" skipped="0">
  <testcase classname="com.student.tests.CrudTest" name="getAllStudent" time="0.102"/>
  <system-out/>
  <testcase classname="com.student.tests.CrudTest" name="createNewStudent" time="1.808"/>
  <system-out/>
</testsuite> <!-- com.student.tests.CrudTest -->
